<?xml version="1.0" encoding="UTF-8"?>
<!-- Generated by org.testng.reporters.JUnitReportReporter -->
<testsuite hostname="DESKTOP-DGVQ9K6" failures="0" tests="2" name="ProjectTesting.Seleniumframework.Standalonetest" time="17.685" errors="0" timestamp="2024-03-09T20:18:59 GMT-08:00" skipped="0">
  <testcase classname="ProjectTesting.Seleniumframework.Standalonetest" name="SubmitOrder" time="7.169"/>
  <system-out/>
  <testcase classname="ProjectTesting.Seleniumframework.Standalonetest" name="SubmitOrder" time="10.516"/>
  <system-out/>
</testsuite> <!-- ProjectTesting.Seleniumframework.Standalonetest -->
